<?xml version="1.0" encoding="UTF-8"?>
<!-- Generated by org.testng.reporters.JUnitReportReporter -->
<testsuite name="br.com.bancodedados.testeMySQL" tests="2" time="0.815" ignored="0" failures="0" timestamp="01 mar 2019 01:54:58 GMT" skipped="0" hostname="DESKTOP-O9IB4CJ" errors="0">
  <testcase name="validarConexaoMySqlComSucesso" time="0.796" classname="br.com.bancodedados.testeMySQL"/>
  <testcase name="validarFecharConexaoMySqlComSucesso" time="0.019" classname="br.com.bancodedados.testeMySQL"/>
</testsuite> <!-- br.com.bancodedados.testeMySQL -->
