<?xml version="1.0" encoding="UTF-8"?>
<!-- Generated by org.testng.reporters.JUnitReportReporter -->
<testsuite name="br.com.bancodedados.testePostgreSQL" tests="2" time="0.247" ignored="0" failures="0" timestamp="01 mar 2019 01:54:58 GMT" skipped="0" hostname="DESKTOP-O9IB4CJ" errors="0">
  <testcase name="validarConexaoPostgreComSucesso" time="0.189" classname="br.com.bancodedados.testePostgreSQL"/>
  <testcase name="validarFecharConexaoPostgreComSucesso" time="0.058" classname="br.com.bancodedados.testePostgreSQL"/>
</testsuite> <!-- br.com.bancodedados.testePostgreSQL -->
